#
# There is insufficient memory for the Java Runtime Environment to continue.
# Native memory allocation (malloc) failed to allocate 1048576 bytes for AllocateHeap
# Possible reasons:
#   The system is out of physical RAM or swap space
#   In 32 bit mode, the process size limit was hit
# Possible solutions:
#   Reduce memory load on the system
#   Increase physical memory or swap space
#   Check if swap backing store is full
#   Use 64 bit Java on a 64 bit OS
#   Decrease Java heap size (-Xmx/-Xms)
#   Decrease number of Java threads
#   Decrease Java thread stack sizes (-Xss)
#   Set larger code cache with -XX:ReservedCodeCacheSize=
# This output file may be truncated or incomplete.
#
#  Out of Memory Error (memory/allocation.inline.hpp:61), pid=9608, tid=0x00000000000017b8
#
# JRE version:  (8.0) (build )
# Java VM: OpenJDK 64-Bit Server VM (25.71-b00 mixed mode windows-amd64 compressed oops)
# Failed to write core dump. Minidumps are not enabled by default on client versions of Windows
#

---------------  T H R E A D  ---------------

Current thread (0x0000000003503000):  JavaThread "Unknown thread" [_thread_in_vm, id=6072, stack(0x0000000003400000,0x0000000003500000)]

Stack: [0x0000000003400000,0x0000000003500000]
[error occurred during error reporting (printing stack bounds), id 0xc0000005]

Native frames: (J=compiled Java code, j=interpreted, Vv=VM code, C=native code)


---------------  P R O C E S S  ---------------

Java Threads: ( => current thread )

Other Threads:

=>0x0000000003503000 (exited) JavaThread "Unknown thread" [_thread_in_vm, id=6072, stack(0x0000000003400000,0x0000000003500000)]

VM state:not at safepoint (normal execution)

VM Mutex/Monitor currently owned by a thread: None

Heap:
 PSYoungGen      total 114688K, used 1966K [0x0000000740300000, 0x0000000748300000, 0x00000007c0000000)
  eden space 98304K, 2% used [0x0000000740300000,0x00000007404eb860,0x0000000746300000)
  from space 16384K, 0% used [0x0000000747300000,0x0000000747300000,0x0000000748300000)
  to   space 16384K, 0% used [0x0000000746300000,0x0000000746300000,0x0000000747300000)
 ParOldGen       total 262144K, used 0K [0x0000000640800000, 0x0000000650800000, 0x0000000740300000)
  object space 262144K, 0% used [0x0000000640800000,0x0000000640800000,0x0000000650800000)
 Metaspace       used 777K, capacity 4480K, committed 4480K, reserved 1056768K
  class space    used 74K, capacity 384K, committed 384K, reserved 1048576K

Card table byte_map: [0x00000000129c0000,0x00000000135c0000] byte_map_base: 0x000000000f7bc000

Marking Bits: (ParMarkBitMap*) 0x0000000068c2be50
 Begin Bits: [0x00000000145c0000, 0x000000001a5a0000)
 End Bits:   [0x000000001a5a0000, 0x0000000020580000)

Polling page: 0x00000000017d0000

CodeCache: size=245760Kb used=328Kb max_used=328Kb free=245431Kb
 bounds [0x0000000003600000, 0x0000000003870000, 0x0000000012600000]
 total_blobs=57 nmethods=0 adapters=38
 compilation: enabled

Compilation events (0 events):
No events

GC Heap History (0 events):
No events

Deoptimization events (0 events):
No events

Classes redefined (0 events):
No events

Internal exceptions (0 events):
No events

Events (10 events):
Event: 0.038 loading class java/lang/Short
Event: 0.038 loading class java/lang/Short done
Event: 0.038 loading class java/lang/Integer
Event: 0.038 loading class java/lang/Integer done
Event: 0.038 loading class java/lang/Long
Event: 0.038 loading class java/lang/Long done
Event: 0.039 loading class java/lang/NullPointerException
Event: 0.039 loading class java/lang/NullPointerException done
Event: 0.039 loading class java/lang/ArithmeticException
Event: 0.039 loading class java/lang/ArithmeticException done


Dynamic libraries:
0x00007ff6d8130000 - 0x00007ff6d8165000 	C:\Program Files\Unity\Hub\Editor\2019.1.0b4\Editor\Data\PlaybackEngines\AndroidPlayer\Tools\OpenJDK\Windows\bin\java.exe
0x00007ffe11fb0000 - 0x00007ffe1219d000 	C:\Windows\SYSTEM32\ntdll.dll
0x00007ffe10f20000 - 0x00007ffe10fd3000 	C:\Windows\System32\KERNEL32.DLL
0x00007ffe0e470000 - 0x00007ffe0e703000 	C:\Windows\System32\KERNELBASE.dll
0x00007ffe10e00000 - 0x00007ffe10ea3000 	C:\Windows\System32\ADVAPI32.dll
0x00007ffe11060000 - 0x00007ffe110fe000 	C:\Windows\System32\msvcrt.dll
0x00007ffe11590000 - 0x00007ffe1162e000 	C:\Windows\System32\sechost.dll
0x00007ffe0f400000 - 0x00007ffe0f522000 	C:\Windows\System32\RPCRT4.dll
0x00007ffe10b00000 - 0x00007ffe10c97000 	C:\Windows\System32\USER32.dll
0x00007ffe0e080000 - 0x00007ffe0e0a0000 	C:\Windows\System32\win32u.dll
0x00007ffe11490000 - 0x00007ffe114b9000 	C:\Windows\System32\GDI32.dll
0x00007ffe0e180000 - 0x00007ffe0e31a000 	C:\Windows\System32\gdi32full.dll
0x00007ffe0ef60000 - 0x00007ffe0f000000 	C:\Windows\System32\msvcp_win.dll
0x00007ffe0e370000 - 0x00007ffe0e46c000 	C:\Windows\System32\ucrtbase.dll
0x00007ffe01d80000 - 0x00007ffe01ff9000 	C:\Windows\WinSxS\amd64_microsoft.windows.common-controls_6595b64144ccf1df_6.0.17763.316_none_05b53be2071f46b6\COMCTL32.dll
0x00007ffe11100000 - 0x00007ffe1142d000 	C:\Windows\System32\combase.dll
0x00007ffe0eee0000 - 0x00007ffe0ef5e000 	C:\Windows\System32\bcryptPrimitives.dll
0x00007ffe11f50000 - 0x00007ffe11f7e000 	C:\Windows\System32\IMM32.DLL
0x0000000068d60000 - 0x0000000068e32000 	C:\Program Files\Unity\Hub\Editor\2019.1.0b4\Editor\Data\PlaybackEngines\AndroidPlayer\Tools\OpenJDK\Windows\jre\bin\msvcr100.dll
0x0000000068460000 - 0x0000000068ca9000 	C:\Program Files\Unity\Hub\Editor\2019.1.0b4\Editor\Data\PlaybackEngines\AndroidPlayer\Tools\OpenJDK\Windows\jre\bin\server\jvm.dll
0x00007ffe0f3f0000 - 0x00007ffe0f3f8000 	C:\Windows\System32\PSAPI.DLL
0x00007ffe062f0000 - 0x00007ffe062fa000 	C:\Windows\SYSTEM32\VERSION.dll
0x00007ffe0bac0000 - 0x00007ffe0bae4000 	C:\Windows\SYSTEM32\WINMM.dll
0x00007ffe077b0000 - 0x00007ffe077b9000 	C:\Windows\SYSTEM32\WSOCK32.dll
0x00007ffe11830000 - 0x00007ffe1189d000 	C:\Windows\System32\WS2_32.dll
0x00007ffe0ba90000 - 0x00007ffe0babd000 	C:\Windows\SYSTEM32\winmmbase.dll
0x00007ffe0e320000 - 0x00007ffe0e36a000 	C:\Windows\System32\cfgmgr32.dll
0x00007ffe07220000 - 0x00007ffe0722f000 	C:\Program Files\Unity\Hub\Editor\2019.1.0b4\Editor\Data\PlaybackEngines\AndroidPlayer\Tools\OpenJDK\Windows\jre\bin\verify.dll
0x00007ffe04e40000 - 0x00007ffe04e69000 	C:\Program Files\Unity\Hub\Editor\2019.1.0b4\Editor\Data\PlaybackEngines\AndroidPlayer\Tools\OpenJDK\Windows\jre\bin\java.dll
0x00007ffe04e20000 - 0x00007ffe04e36000 	C:\Program Files\Unity\Hub\Editor\2019.1.0b4\Editor\Data\PlaybackEngines\AndroidPlayer\Tools\OpenJDK\Windows\jre\bin\zip.dll

VM Arguments:
jvm_args: -Dcom.android.sdkmanager.toolsdir=C:\Users\Chrono\AppData\Local\Android\Sdk\tools\bin\\.. 
java_command: com.android.sdklib.tool.AvdManagerCli list target -c
java_class_path (initial): C:\Users\Chrono\AppData\Local\Android\Sdk\tools\bin\..\lib\dvlib-26.0.0-dev.jar;C:\Users\Chrono\AppData\Local\Android\Sdk\tools\bin\..\lib\jimfs-1.1.jar;C:\Users\Chrono\AppData\Local\Android\Sdk\tools\bin\..\lib\jsr305-1.3.9.jar;C:\Users\Chrono\AppData\Local\Android\Sdk\tools\bin\..\lib\repository-26.0.0-dev.jar;C:\Users\Chrono\AppData\Local\Android\Sdk\tools\bin\..\lib\j2objc-annotations-1.1.jar;C:\Users\Chrono\AppData\Local\Android\Sdk\tools\bin\..\lib\layoutlib-api-26.0.0-dev.jar;C:\Users\Chrono\AppData\Local\Android\Sdk\tools\bin\..\lib\gson-2.3.jar;C:\Users\Chrono\AppData\Local\Android\Sdk\tools\bin\..\lib\httpcore-4.2.5.jar;C:\Users\Chrono\AppData\Local\Android\Sdk\tools\bin\..\lib\commons-logging-1.1.1.jar;C:\Users\Chrono\AppData\Local\Android\Sdk\tools\bin\..\lib\commons-compress-1.12.jar;C:\Users\Chrono\AppData\Local\Android\Sdk\tools\bin\..\lib\annotations-26.0.0-dev.jar;C:\Users\Chrono\AppData\Local\Android\Sdk\tools\bin\..\lib\error_prone_annotations-2.0.18.jar;C:\Users\Chrono\AppData\Local\Android\Sdk\tools\bin\..\lib\animal-sniffer-annotations-1.14.jar;C:\Users\Chrono\AppData\Local\Android\Sdk\tools\bin\..\lib\httpclient-4.2.6.jar;C:\Users\Chrono\AppData\Local\Android\Sdk\tools\bin\..\lib\commons-codec-1.6.jar;C:\Users\Chrono\AppData\Local\Android\Sdk\tools\bin\..\lib\common-26.0.0-dev.jar;C:\Users\Chrono\AppData\Local\Android\Sdk\tools\bin\..\lib\kxml2-2.3.0.jar;C:\Users\Chrono\AppData\Local\Android\Sdk\tools\bin\..\lib\httpmime-4.1.jar;C:\Users\Chrono\AppData\Local\Android\Sdk\tools\bin\..\lib\annotations-12.0.jar;C:\Users\Chrono\AppData\Local\Android\Sdk\tools\bin\..\lib\sdklib-26.0.0-dev.jar;C:\Users\Chrono\AppData\Local\Android\Sdk\tools\bin\..\lib\guava-22.0.jar
Launcher Type: SUN_STANDARD

Environment Variables:
JAVA_HOME=C:\Program Files\Unity\Hub\Editor\2019.1.0b4\Editor\Data\PlaybackEngines\AndroidPlayer/Tools\OpenJDK\Windows
CLASSPATH=C:\Users\Chrono\AppData\Local\Android\Sdk\tools\bin\..\lib\dvlib-26.0.0-dev.jar;C:\Users\Chrono\AppData\Local\Android\Sdk\tools\bin\..\lib\jimfs-1.1.jar;C:\Users\Chrono\AppData\Local\Android\Sdk\tools\bin\..\lib\jsr305-1.3.9.jar;C:\Users\Chrono\AppData\Local\Android\Sdk\tools\bin\..\lib\repository-26.0.0-dev.jar;C:\Users\Chrono\AppData\Local\Android\Sdk\tools\bin\..\lib\j2objc-annotations-1.1.jar;C:\Users\Chrono\AppData\Local\Android\Sdk\tools\bin\..\lib\layoutlib-api-26.0.0-dev.jar;C:\Users\Chrono\AppData\Local\Android\Sdk\tools\bin\..\lib\gson-2.3.jar;C:\Users\Chrono\AppData\Local\Android\Sdk\tools\bin\..\lib\httpcore-4.2.5.jar;C:\Users\Chrono\AppData\Local\Android\Sdk\tools\bin\..\lib\commons-logging-1.1.1.jar;C:\Users\Chrono\AppData\Local\Android\Sdk\tools\bin\..\lib\commons-compress-1.12.jar;C:\Users\Chrono\AppData\Local\Android\Sdk\tools\bin\..\lib\annotations-26.0.0-dev.jar;C:\Users\Chrono\AppData\Local\Android\Sdk\tools\bin\..\lib\error_prone_annotations-2.0.18.jar;C:\Users\Chrono\AppData\Local\Android\Sdk\tools\bin\..\lib\animal-sniffer-annotations-1.14.jar;C:\Users\Chrono\AppData\Local\Android\Sdk\tools\bin\..\lib\httpclient-4.2.6.jar;C:\Users\Chrono\AppData\Local\Android\Sdk\tools\bin\..\lib\commons-codec-1.6.jar;C:\Users\Chrono\AppData\Local\Android\Sdk\tools\bin\..\lib\common-26.0.0-dev.jar;C:\Users\Chrono\AppData\Local\Android\Sdk\tools\bin\..\lib\kxml2-2.3.0.jar;C:\Users\Chrono\AppData\Local\Android\Sdk\tools\bin\..\lib\httpmime-4.1.jar;C:\Users\Chrono\AppData\Local\Android\Sdk\tools\bin\..\lib\annotations-12.0.jar;C:\Users\Chrono\AppData\Local\Android\Sdk\tools\bin\..\lib\sdklib-26.0.0-dev.jar;C:\Users\Chrono\AppData\Local\Android\Sdk\tools\bin\..\lib\guava-22.0.jar
PATH=C:\Program Files (x86)\Common Files\Oracle\Java\javapath;C:\Windows\system32;C:\Windows;C:\Windows\System32\Wbem;C:\Windows\System32\WindowsPowerShell\v1.0\;C:\Windows\System32\OpenSSH\;C:\Program Files (x86)\GtkSharp\2.12\bin;C:\Program Files\Microsoft SQL Server\110\Tools\Binn\;C:\Program Files\Common Files\Autodesk Shared\;C:\Program Files (x86)\Autodesk\Backburner\;C:\3dsmax5\backburner2\;C:\Program Files (x86)\Common Files\Autodesk Shared\;C:\Users\Chrono\AppData\Local\Microsoft\WindowsApps;C:\Users\Chrono\AppData\Local\GitHubDesktop\bin;C:\Users\Chrono\AppData\Local\Programs\Microsoft VS Code\bin
USERNAME=Chrono
OS=Windows_NT
PROCESSOR_IDENTIFIER=Intel64 Family 6 Model 42 Stepping 7, GenuineIntel



---------------  S Y S T E M  ---------------

OS: Windows 10.0 , 64 bit Build 17763 (10.0.17763.292)

CPU:total 8 (initial active 8) (4 cores per cpu, 2 threads per core) family 6 model 42 stepping 7, cmov, cx8, fxsr, mmx, sse, sse2, sse3, ssse3, sse4.1, sse4.2, popcnt, avx, aes, clmul, ht, tsc, tscinvbit

Memory: 4k page, physical 25129860k(10782276k free), swap 25949060k(5872k free)

vm_info: OpenJDK 64-Bit Server VM (25.71-b00) for windows-amd64 JRE (1.8.0-adoptopenjdk-_2018_05_19_00_59-b00), built on May 19 2018 01:02:12 by "jenkins" with MS VC++ 10.0 (VS2010)

time: Sun Mar 10 21:28:17 2019
elapsed time: 0 seconds (0d 0h 0m 0s)

