#
# There is insufficient memory for the Java Runtime Environment to continue.
# Native memory allocation (malloc) failed to allocate 188176 bytes for Chunk::new
# Possible reasons:
#   The system is out of physical RAM or swap space
#   In 32 bit mode, the process size limit was hit
# Possible solutions:
#   Reduce memory load on the system
#   Increase physical memory or swap space
#   Check if swap backing store is full
#   Use 64 bit Java on a 64 bit OS
#   Decrease Java heap size (-Xmx/-Xms)
#   Decrease number of Java threads
#   Decrease Java thread stack sizes (-Xss)
#   Set larger code cache with -XX:ReservedCodeCacheSize=
# This output file may be truncated or incomplete.
#
#  Out of Memory Error (allocation.cpp:390), pid=21508, tid=0x0000000000004d4c
#
# JRE version: OpenJDK Runtime Environment (8.0) (build 1.8.0-adoptopenjdk-_2018_05_19_00_59-b00)
# Java VM: OpenJDK 64-Bit Server VM (25.71-b00 mixed mode windows-amd64 compressed oops)
# Failed to write core dump. Minidumps are not enabled by default on client versions of Windows
#

---------------  T H R E A D  ---------------

Current thread (0x0000000022f76800):  JavaThread "C2 CompilerThread1" daemon [_thread_in_native, id=19788, stack(0x0000000023750000,0x0000000023850000)]

Stack: [0x0000000023750000,0x0000000023850000]
[error occurred during error reporting (printing stack bounds), id 0xc0000005]

Native frames: (J=compiled Java code, j=interpreted, Vv=VM code, C=native code)


Current CompileTask:
C2:    654  491   !   4       sun.misc.URLClassPath$JarLoader::getResource (85 bytes)


---------------  P R O C E S S  ---------------

Java Threads: ( => current thread )
  0x000000002301d800 JavaThread "Service Thread" daemon [_thread_blocked, id=15960, stack(0x0000000023a50000,0x0000000023b50000)]
  0x0000000022f83800 JavaThread "C1 CompilerThread3" daemon [_thread_in_native, id=22220, stack(0x0000000023950000,0x0000000023a50000)]
  0x0000000022f83000 JavaThread "C2 CompilerThread2" daemon [_thread_blocked, id=15396, stack(0x0000000023850000,0x0000000023950000)]
=>0x0000000022f76800 JavaThread "C2 CompilerThread1" daemon [_thread_in_native, id=19788, stack(0x0000000023750000,0x0000000023850000)]
  0x0000000022f73800 JavaThread "C2 CompilerThread0" daemon [_thread_blocked, id=15816, stack(0x0000000023650000,0x0000000023750000)]
  0x0000000022f1a800 JavaThread "Attach Listener" daemon [_thread_blocked, id=12100, stack(0x0000000023550000,0x0000000023650000)]
  0x0000000022f19800 JavaThread "Signal Dispatcher" daemon [_thread_blocked, id=21984, stack(0x0000000023450000,0x0000000023550000)]
  0x0000000022f00800 JavaThread "Finalizer" daemon [_thread_blocked, id=6760, stack(0x00000000232e0000,0x00000000233e0000)]
  0x0000000020ffb000 JavaThread "Reference Handler" daemon [_thread_blocked, id=20864, stack(0x0000000022de0000,0x0000000022ee0000)]
  0x0000000002904000 JavaThread "main" [_thread_in_Java, id=2068, stack(0x00000000027e0000,0x00000000028e0000)]

Other Threads:
  0x0000000020ff6800 VMThread [stack: 0x0000000022ce0000,0x0000000022de0000] [id=14756]
  0x000000002301e800 WatcherThread [stack: 0x0000000023b50000,0x0000000023c50000] [id=14784]

VM state:not at safepoint (normal execution)

VM Mutex/Monitor currently owned by a thread: None

Heap:
 PSYoungGen      total 114688K, used 13765K [0x0000000740300000, 0x0000000748300000, 0x00000007c0000000)
  eden space 98304K, 14% used [0x0000000740300000,0x0000000741071558,0x0000000746300000)
  from space 16384K, 0% used [0x0000000747300000,0x0000000747300000,0x0000000748300000)
  to   space 16384K, 0% used [0x0000000746300000,0x0000000746300000,0x0000000747300000)
 ParOldGen       total 262144K, used 0K [0x0000000640800000, 0x0000000650800000, 0x0000000740300000)
  object space 262144K, 0% used [0x0000000640800000,0x0000000640800000,0x0000000650800000)
 Metaspace       used 7950K, capacity 8144K, committed 8320K, reserved 1056768K
  class space    used 953K, capacity 1033K, committed 1152K, reserved 1048576K

Card table byte_map: [0x0000000011dd0000,0x00000000129d0000] byte_map_base: 0x000000000ebcc000

Marking Bits: (ParMarkBitMap*) 0x0000000068c2be50
 Begin Bits: [0x00000000139d0000, 0x00000000199b0000)
 End Bits:   [0x00000000199b0000, 0x000000001f990000)

Polling page: 0x00000000007e0000

CodeCache: size=245760Kb used=2209Kb max_used=2209Kb free=243550Kb
 bounds [0x0000000002a10000, 0x0000000002c80000, 0x0000000011a10000]
 total_blobs=828 nmethods=505 adapters=237
 compilation: enabled

Compilation events (10 events):
Event: 0.649 Thread 0x0000000022f83800 nmethod 498 0x0000000002c2ded0 code [0x0000000002c2e060, 0x0000000002c2e3e8]
Event: 0.649 Thread 0x0000000022f83800  501       3       java.util.ArrayList::add (29 bytes)
Event: 0.650 Thread 0x0000000022f83800 nmethod 501 0x0000000002c2d510 code [0x0000000002c2d6c0, 0x0000000002c2dc48]
Event: 0.650 Thread 0x0000000022f83800  499       3       java.util.ArrayList::calculateCapacity (16 bytes)
Event: 0.650 Thread 0x0000000022f83800 nmethod 499 0x0000000002c22410 code [0x0000000002c22580, 0x0000000002c227b0]
Event: 0.650 Thread 0x0000000022f83800  503       3       java.io.DataOutputStream::writeUTF (435 bytes)
Event: 0.651 Thread 0x0000000022f73800 nmethod 502 0x0000000002c2bbd0 code [0x0000000002c2bd20, 0x0000000002c2be98]
Event: 0.652 Thread 0x0000000022f83800 nmethod 503 0x0000000002c36cd0 code [0x0000000002c37000, 0x0000000002c38f08]
Event: 0.652 Thread 0x0000000022f83800  500       3       java.util.ArrayList::ensureExplicitCapacity (26 bytes)
Event: 0.652 Thread 0x0000000022f83800 nmethod 500 0x0000000002c2b7d0 code [0x0000000002c2b940, 0x0000000002c2bb28]

GC Heap History (0 events):
No events

Deoptimization events (1 events):
Event: 0.622 Thread 0x0000000002904000 Uncommon trap: reason=unstable_if action=reinterpret pc=0x0000000002bf2c5c method=java.lang.String.indexOf([CII[CIII)I @ 3

Classes redefined (0 events):
No events

Internal exceptions (10 events):
Event: 0.602 Thread 0x0000000002904000 Exception <a 'sun/nio/fs/WindowsException'> (0x0000000740e3aac0) thrown at [C:\Users\jenkins\workspace\openjdk8_build_x86-64_windows\openjdk\hotspot\src\share\vm\prims\jni.cpp, line 709]
Event: 0.603 Thread 0x0000000002904000 Exception <a 'sun/nio/fs/WindowsException'> (0x0000000740e3b060) thrown at [C:\Users\jenkins\workspace\openjdk8_build_x86-64_windows\openjdk\hotspot\src\share\vm\prims\jni.cpp, line 709]
Event: 0.603 Thread 0x0000000002904000 Exception <a 'sun/nio/fs/WindowsException'> (0x0000000740e3bad8) thrown at [C:\Users\jenkins\workspace\openjdk8_build_x86-64_windows\openjdk\hotspot\src\share\vm\prims\jni.cpp, line 709]
Event: 0.603 Thread 0x0000000002904000 Exception <a 'sun/nio/fs/WindowsException'> (0x0000000740e3c0b0) thrown at [C:\Users\jenkins\workspace\openjdk8_build_x86-64_windows\openjdk\hotspot\src\share\vm\prims\jni.cpp, line 709]
Event: 0.604 Thread 0x0000000002904000 Exception <a 'sun/nio/fs/WindowsException'> (0x0000000740e3e1e0) thrown at [C:\Users\jenkins\workspace\openjdk8_build_x86-64_windows\openjdk\hotspot\src\share\vm\prims\jni.cpp, line 709]
Event: 0.604 Thread 0x0000000002904000 Exception <a 'sun/nio/fs/WindowsException'> (0x0000000740e3e768) thrown at [C:\Users\jenkins\workspace\openjdk8_build_x86-64_windows\openjdk\hotspot\src\share\vm\prims\jni.cpp, line 709]
Event: 0.604 Thread 0x0000000002904000 Exception <a 'sun/nio/fs/WindowsException'> (0x0000000740e3f1b8) thrown at [C:\Users\jenkins\workspace\openjdk8_build_x86-64_windows\openjdk\hotspot\src\share\vm\prims\jni.cpp, line 709]
Event: 0.604 Thread 0x0000000002904000 Exception <a 'sun/nio/fs/WindowsException'> (0x0000000740e3f780) thrown at [C:\Users\jenkins\workspace\openjdk8_build_x86-64_windows\openjdk\hotspot\src\share\vm\prims\jni.cpp, line 709]
Event: 0.623 Thread 0x0000000002904000 Exception <a 'java/lang/ClassNotFoundException': com/sun/org/glassfish/hk2/osgiresourcelocator/ServiceLoader> (0x0000000740e91008) thrown at [C:\Users\jenkins\workspace\openjdk8_build_x86-64_windows\openjdk\hotspot\src\share\vm\classfile\systemDictionary.
Event: 0.630 Thread 0x0000000002904000 Exception <a 'java/lang/NullPointerException'> (0x0000000740ea9610) thrown at [C:\Users\jenkins\workspace\openjdk8_build_x86-64_windows\openjdk\hotspot\src\share\vm\interpreter\linkResolver.cpp, line 1287]

Events (10 events):
Event: 0.652 loading class com/sun/xml/internal/bind/v2/model/annotation/XmlEnumQuick done
Event: 0.652 loading class com/sun/xml/internal/bind/v2/model/annotation/XmlRootElementQuick
Event: 0.652 loading class javax/xml/bind/annotation/XmlRootElement
Event: 0.652 loading class javax/xml/bind/annotation/XmlRootElement done
Event: 0.652 loading class com/sun/xml/internal/bind/v2/model/annotation/XmlRootElementQuick done
Event: 0.652 loading class com/sun/xml/internal/bind/v2/model/annotation/XmlSchemaQuick
Event: 0.652 loading class com/sun/xml/internal/bind/v2/model/annotation/XmlSchemaQuick done
Event: 0.653 loading class com/sun/xml/internal/bind/v2/model/annotation/XmlSchemaTypeQuick
Event: 0.653 loading class javax/xml/bind/annotation/XmlSchemaType
Event: 0.653 loading class javax/xml/bind/annotation/XmlSchemaType done


Dynamic libraries:
0x00007ff6d8130000 - 0x00007ff6d8165000 	C:\Program Files\Unity\Hub\Editor\2019.1.0b4\Editor\Data\PlaybackEngines\AndroidPlayer\Tools\OpenJDK\Windows\bin\java.exe
0x00007ffe11fb0000 - 0x00007ffe1219d000 	C:\Windows\SYSTEM32\ntdll.dll
0x00007ffe10f20000 - 0x00007ffe10fd3000 	C:\Windows\System32\KERNEL32.DLL
0x00007ffe0e470000 - 0x00007ffe0e703000 	C:\Windows\System32\KERNELBASE.dll
0x00007ffe10e00000 - 0x00007ffe10ea3000 	C:\Windows\System32\ADVAPI32.dll
0x00007ffe11060000 - 0x00007ffe110fe000 	C:\Windows\System32\msvcrt.dll
0x00007ffe11590000 - 0x00007ffe1162e000 	C:\Windows\System32\sechost.dll
0x00007ffe0f400000 - 0x00007ffe0f522000 	C:\Windows\System32\RPCRT4.dll
0x00007ffe10b00000 - 0x00007ffe10c97000 	C:\Windows\System32\USER32.dll
0x00007ffe0e080000 - 0x00007ffe0e0a0000 	C:\Windows\System32\win32u.dll
0x00007ffe11490000 - 0x00007ffe114b9000 	C:\Windows\System32\GDI32.dll
0x00007ffe0e180000 - 0x00007ffe0e31a000 	C:\Windows\System32\gdi32full.dll
0x00007ffe0ef60000 - 0x00007ffe0f000000 	C:\Windows\System32\msvcp_win.dll
0x00007ffe0e370000 - 0x00007ffe0e46c000 	C:\Windows\System32\ucrtbase.dll
0x00007ffe01d80000 - 0x00007ffe01ff9000 	C:\Windows\WinSxS\amd64_microsoft.windows.common-controls_6595b64144ccf1df_6.0.17763.316_none_05b53be2071f46b6\COMCTL32.dll
0x00007ffe11100000 - 0x00007ffe1142d000 	C:\Windows\System32\combase.dll
0x00007ffe0eee0000 - 0x00007ffe0ef5e000 	C:\Windows\System32\bcryptPrimitives.dll
0x00007ffe11f50000 - 0x00007ffe11f7e000 	C:\Windows\System32\IMM32.DLL
0x0000000068d60000 - 0x0000000068e32000 	C:\Program Files\Unity\Hub\Editor\2019.1.0b4\Editor\Data\PlaybackEngines\AndroidPlayer\Tools\OpenJDK\Windows\jre\bin\msvcr100.dll
0x0000000068460000 - 0x0000000068ca9000 	C:\Program Files\Unity\Hub\Editor\2019.1.0b4\Editor\Data\PlaybackEngines\AndroidPlayer\Tools\OpenJDK\Windows\jre\bin\server\jvm.dll
0x00007ffe0f3f0000 - 0x00007ffe0f3f8000 	C:\Windows\System32\PSAPI.DLL
0x00007ffe077b0000 - 0x00007ffe077b9000 	C:\Windows\SYSTEM32\WSOCK32.dll
0x00007ffe062f0000 - 0x00007ffe062fa000 	C:\Windows\SYSTEM32\VERSION.dll
0x00007ffe0bac0000 - 0x00007ffe0bae4000 	C:\Windows\SYSTEM32\WINMM.dll
0x00007ffe11830000 - 0x00007ffe1189d000 	C:\Windows\System32\WS2_32.dll
0x00007ffe0ba90000 - 0x00007ffe0babd000 	C:\Windows\SYSTEM32\WINMMBASE.dll
0x00007ffe0e320000 - 0x00007ffe0e36a000 	C:\Windows\System32\cfgmgr32.dll
0x00007ffe07220000 - 0x00007ffe0722f000 	C:\Program Files\Unity\Hub\Editor\2019.1.0b4\Editor\Data\PlaybackEngines\AndroidPlayer\Tools\OpenJDK\Windows\jre\bin\verify.dll
0x00007ffe04e40000 - 0x00007ffe04e69000 	C:\Program Files\Unity\Hub\Editor\2019.1.0b4\Editor\Data\PlaybackEngines\AndroidPlayer\Tools\OpenJDK\Windows\jre\bin\java.dll
0x00007ffe04e20000 - 0x00007ffe04e36000 	C:\Program Files\Unity\Hub\Editor\2019.1.0b4\Editor\Data\PlaybackEngines\AndroidPlayer\Tools\OpenJDK\Windows\jre\bin\zip.dll
0x00007ffe0f530000 - 0x00007ffe10a1f000 	C:\Windows\System32\SHELL32.dll
0x00007ffe11e90000 - 0x00007ffe11f38000 	C:\Windows\System32\shcore.dll
0x00007ffe0e710000 - 0x00007ffe0ee5a000 	C:\Windows\System32\windows.storage.dll
0x00007ffe0dff0000 - 0x00007ffe0e014000 	C:\Windows\System32\profapi.dll
0x00007ffe0e020000 - 0x00007ffe0e07d000 	C:\Windows\System32\powrprof.dll
0x00007ffe11430000 - 0x00007ffe11482000 	C:\Windows\System32\shlwapi.dll
0x00007ffe0dfb0000 - 0x00007ffe0dfc1000 	C:\Windows\System32\kernel.appcore.dll
0x00007ffe0eec0000 - 0x00007ffe0eed7000 	C:\Windows\System32\cryptsp.dll
0x00007ffe022b0000 - 0x00007ffe022ca000 	C:\Program Files\Unity\Hub\Editor\2019.1.0b4\Editor\Data\PlaybackEngines\AndroidPlayer\Tools\OpenJDK\Windows\jre\bin\net.dll
0x00007ffe0d460000 - 0x00007ffe0d4c7000 	C:\Windows\system32\mswsock.dll
0x00007ffe02290000 - 0x00007ffe022a1000 	C:\Program Files\Unity\Hub\Editor\2019.1.0b4\Editor\Data\PlaybackEngines\AndroidPlayer\Tools\OpenJDK\Windows\jre\bin\nio.dll

VM Arguments:
jvm_args: -Dfile.encoding=UTF-8 -Dcom.android.sdklib.toolsdir=C:\Users\Chrono\AppData\Local\Android\Sdk\tools\bin\\.. 
java_command: com.android.sdklib.tool.sdkmanager.SdkManagerCli platforms;android-26
java_class_path (initial): C:\Users\Chrono\AppData\Local\Android\Sdk\tools\bin\..\lib\dvlib-26.0.0-dev.jar;C:\Users\Chrono\AppData\Local\Android\Sdk\tools\bin\..\lib\jimfs-1.1.jar;C:\Users\Chrono\AppData\Local\Android\Sdk\tools\bin\..\lib\jsr305-1.3.9.jar;C:\Users\Chrono\AppData\Local\Android\Sdk\tools\bin\..\lib\repository-26.0.0-dev.jar;C:\Users\Chrono\AppData\Local\Android\Sdk\tools\bin\..\lib\j2objc-annotations-1.1.jar;C:\Users\Chrono\AppData\Local\Android\Sdk\tools\bin\..\lib\layoutlib-api-26.0.0-dev.jar;C:\Users\Chrono\AppData\Local\Android\Sdk\tools\bin\..\lib\gson-2.3.jar;C:\Users\Chrono\AppData\Local\Android\Sdk\tools\bin\..\lib\httpcore-4.2.5.jar;C:\Users\Chrono\AppData\Local\Android\Sdk\tools\bin\..\lib\commons-logging-1.1.1.jar;C:\Users\Chrono\AppData\Local\Android\Sdk\tools\bin\..\lib\commons-compress-1.12.jar;C:\Users\Chrono\AppData\Local\Android\Sdk\tools\bin\..\lib\annotations-26.0.0-dev.jar;C:\Users\Chrono\AppData\Local\Android\Sdk\tools\bin\..\lib\error_prone_annotations-2.0.18.jar;C:\Users\Chrono\AppData\Local\Android\Sdk\tools\bin\..\lib\animal-sniffer-annotations-1.14.jar;C:\Users\Chrono\AppData\Local\Android\Sdk\tools\bin\..\lib\httpclient-4.2.6.jar;C:\Users\Chrono\AppData\Local\Android\Sdk\tools\bin\..\lib\commons-codec-1.6.jar;C:\Users\Chrono\AppData\Local\Android\Sdk\tools\bin\..\lib\common-26.0.0-dev.jar;C:\Users\Chrono\AppData\Local\Android\Sdk\tools\bin\..\lib\kxml2-2.3.0.jar;C:\Users\Chrono\AppData\Local\Android\Sdk\tools\bin\..\lib\httpmime-4.1.jar;C:\Users\Chrono\AppData\Local\Android\Sdk\tools\bin\..\lib\annotations-12.0.jar;C:\Users\Chrono\AppData\Local\Android\Sdk\tools\bin\..\lib\sdklib-26.0.0-dev.jar;C:\Users\Chrono\AppData\Local\Android\Sdk\tools\bin\..\lib\guava-22.0.jar
Launcher Type: SUN_STANDARD

Environment Variables:
JAVA_HOME=C:\Program Files\Unity\Hub\Editor\2019.1.0b4\Editor\Data\PlaybackEngines\AndroidPlayer/Tools\OpenJDK\Windows
JAVA_TOOL_OPTIONS=-Dfile.encoding=UTF-8
CLASSPATH=C:\Users\Chrono\AppData\Local\Android\Sdk\tools\bin\..\lib\dvlib-26.0.0-dev.jar;C:\Users\Chrono\AppData\Local\Android\Sdk\tools\bin\..\lib\jimfs-1.1.jar;C:\Users\Chrono\AppData\Local\Android\Sdk\tools\bin\..\lib\jsr305-1.3.9.jar;C:\Users\Chrono\AppData\Local\Android\Sdk\tools\bin\..\lib\repository-26.0.0-dev.jar;C:\Users\Chrono\AppData\Local\Android\Sdk\tools\bin\..\lib\j2objc-annotations-1.1.jar;C:\Users\Chrono\AppData\Local\Android\Sdk\tools\bin\..\lib\layoutlib-api-26.0.0-dev.jar;C:\Users\Chrono\AppData\Local\Android\Sdk\tools\bin\..\lib\gson-2.3.jar;C:\Users\Chrono\AppData\Local\Android\Sdk\tools\bin\..\lib\httpcore-4.2.5.jar;C:\Users\Chrono\AppData\Local\Android\Sdk\tools\bin\..\lib\commons-logging-1.1.1.jar;C:\Users\Chrono\AppData\Local\Android\Sdk\tools\bin\..\lib\commons-compress-1.12.jar;C:\Users\Chrono\AppData\Local\Android\Sdk\tools\bin\..\lib\annotations-26.0.0-dev.jar;C:\Users\Chrono\AppData\Local\Android\Sdk\tools\bin\..\lib\error_prone_annotations-2.0.18.jar;C:\Users\Chrono\AppData\Local\Android\Sdk\tools\bin\..\lib\animal-sniffer-annotations-1.14.jar;C:\Users\Chrono\AppData\Local\Android\Sdk\tools\bin\..\lib\httpclient-4.2.6.jar;C:\Users\Chrono\AppData\Local\Android\Sdk\tools\bin\..\lib\commons-codec-1.6.jar;C:\Users\Chrono\AppData\Local\Android\Sdk\tools\bin\..\lib\common-26.0.0-dev.jar;C:\Users\Chrono\AppData\Local\Android\Sdk\tools\bin\..\lib\kxml2-2.3.0.jar;C:\Users\Chrono\AppData\Local\Android\Sdk\tools\bin\..\lib\httpmime-4.1.jar;C:\Users\Chrono\AppData\Local\Android\Sdk\tools\bin\..\lib\annotations-12.0.jar;C:\Users\Chrono\AppData\Local\Android\Sdk\tools\bin\..\lib\sdklib-26.0.0-dev.jar;C:\Users\Chrono\AppData\Local\Android\Sdk\tools\bin\..\lib\guava-22.0.jar
PATH=C:\Program Files (x86)\Common Files\Oracle\Java\javapath;C:\Windows\system32;C:\Windows;C:\Windows\System32\Wbem;C:\Windows\System32\WindowsPowerShell\v1.0\;C:\Windows\System32\OpenSSH\;C:\Program Files (x86)\GtkSharp\2.12\bin;C:\Program Files\Microsoft SQL Server\110\Tools\Binn\;C:\Program Files\Common Files\Autodesk Shared\;C:\Program Files (x86)\Autodesk\Backburner\;C:\3dsmax5\backburner2\;C:\Program Files (x86)\Common Files\Autodesk Shared\;C:\Users\Chrono\AppData\Local\Microsoft\WindowsApps;C:\Users\Chrono\AppData\Local\GitHubDesktop\bin;C:\Users\Chrono\AppData\Local\Programs\Microsoft VS Code\bin
USERNAME=Chrono
OS=Windows_NT
PROCESSOR_IDENTIFIER=Intel64 Family 6 Model 42 Stepping 7, GenuineIntel



---------------  S Y S T E M  ---------------

OS: Windows 10.0 , 64 bit Build 17763 (10.0.17763.292)

CPU:total 8 (initial active 8) (4 cores per cpu, 2 threads per core) family 6 model 42 stepping 7, cmov, cx8, fxsr, mmx, sse, sse2, sse3, ssse3, sse4.1, sse4.2, popcnt, avx, aes, clmul, ht, tsc, tscinvbit

Memory: 4k page, physical 25129860k(10778028k free), swap 25949060k(5172k free)

vm_info: OpenJDK 64-Bit Server VM (25.71-b00) for windows-amd64 JRE (1.8.0-adoptopenjdk-_2018_05_19_00_59-b00), built on May 19 2018 01:02:12 by "jenkins" with MS VC++ 10.0 (VS2010)

time: Sun Mar 10 21:28:09 2019
elapsed time: 0 seconds (0d 0h 0m 0s)

