#
# There is insufficient memory for the Java Runtime Environment to continue.
# Native memory allocation (malloc) failed to allocate 37984 bytes for Chunk::new
# Possible reasons:
#   The system is out of physical RAM or swap space
#   In 32 bit mode, the process size limit was hit
# Possible solutions:
#   Reduce memory load on the system
#   Increase physical memory or swap space
#   Check if swap backing store is full
#   Use 64 bit Java on a 64 bit OS
#   Decrease Java heap size (-Xmx/-Xms)
#   Decrease number of Java threads
#   Decrease Java thread stack sizes (-Xss)
#   Set larger code cache with -XX:ReservedCodeCacheSize=
# This output file may be truncated or incomplete.
#
#  Out of Memory Error (allocation.cpp:390), pid=20148, tid=0x00000000000058b0
#
# JRE version: OpenJDK Runtime Environment (8.0) (build 1.8.0-adoptopenjdk-_2018_05_19_00_59-b00)
# Java VM: OpenJDK 64-Bit Server VM (25.71-b00 mixed mode windows-amd64 compressed oops)
# Failed to write core dump. Minidumps are not enabled by default on client versions of Windows
#

---------------  T H R E A D  ---------------

Current thread (0x00000000237d8800):  JavaThread "C2 CompilerThread2" daemon [_thread_in_native, id=22704, stack(0x0000000024040000,0x0000000024140000)]

Stack: [0x0000000024040000,0x0000000024140000]
[error occurred during error reporting (printing stack bounds), id 0xc0000005]

Native frames: (J=compiled Java code, j=interpreted, Vv=VM code, C=native code)


Current CompileTask:
C2:    464  330       4       java.lang.String::replace (127 bytes)


---------------  P R O C E S S  ---------------

Java Threads: ( => current thread )
  0x0000000023885800 JavaThread "Service Thread" daemon [_thread_blocked, id=22676, stack(0x0000000024240000,0x0000000024340000)]
  0x00000000237dd800 JavaThread "C1 CompilerThread3" daemon [_thread_blocked, id=22300, stack(0x0000000024140000,0x0000000024240000)]
=>0x00000000237d8800 JavaThread "C2 CompilerThread2" daemon [_thread_in_native, id=22704, stack(0x0000000024040000,0x0000000024140000)]
  0x00000000237d4000 JavaThread "C2 CompilerThread1" daemon [_thread_blocked, id=22732, stack(0x0000000023f40000,0x0000000024040000)]
  0x00000000237d2000 JavaThread "C2 CompilerThread0" daemon [_thread_blocked, id=22492, stack(0x0000000023e40000,0x0000000023f40000)]
  0x00000000237d0000 JavaThread "Attach Listener" daemon [_thread_blocked, id=22212, stack(0x0000000023d40000,0x0000000023e40000)]
  0x000000002377c800 JavaThread "Signal Dispatcher" daemon [_thread_blocked, id=11060, stack(0x0000000023c40000,0x0000000023d40000)]
  0x00000000032dc000 JavaThread "Finalizer" daemon [_thread_blocked, id=23204, stack(0x0000000023b40000,0x0000000023c40000)]
  0x00000000032db000 JavaThread "Reference Handler" daemon [_thread_blocked, id=1704, stack(0x0000000023640000,0x0000000023740000)]
  0x00000000031e3000 JavaThread "main" [_thread_in_Java, id=19908, stack(0x0000000003000000,0x0000000003100000)]

Other Threads:
  0x0000000021846000 VMThread [stack: 0x0000000023540000,0x0000000023640000] [id=17496]
  0x000000002382a000 WatcherThread [stack: 0x0000000024340000,0x0000000024440000] [id=15596]

VM state:not at safepoint (normal execution)

VM Mutex/Monitor currently owned by a thread: None

Heap:
 PSYoungGen      total 114688K, used 7865K [0x0000000740300000, 0x0000000748300000, 0x00000007c0000000)
  eden space 98304K, 8% used [0x0000000740300000,0x0000000740aae558,0x0000000746300000)
  from space 16384K, 0% used [0x0000000747300000,0x0000000747300000,0x0000000748300000)
  to   space 16384K, 0% used [0x0000000746300000,0x0000000746300000,0x0000000747300000)
 ParOldGen       total 262144K, used 0K [0x0000000640800000, 0x0000000650800000, 0x0000000740300000)
  object space 262144K, 0% used [0x0000000640800000,0x0000000640800000,0x0000000650800000)
 Metaspace       used 5272K, capacity 5490K, committed 5504K, reserved 1056768K
  class space    used 576K, capacity 640K, committed 640K, reserved 1048576K

Card table byte_map: [0x00000000126a0000,0x00000000132a0000] byte_map_base: 0x000000000f49c000

Marking Bits: (ParMarkBitMap*) 0x0000000068c2be50
 Begin Bits: [0x00000000142a0000, 0x000000001a280000)
 End Bits:   [0x000000001a280000, 0x0000000020260000)

Polling page: 0x0000000000bf0000

CodeCache: size=245760Kb used=1797Kb max_used=1797Kb free=243962Kb
 bounds [0x00000000032e0000, 0x0000000003550000, 0x00000000122e0000]
 total_blobs=622 nmethods=332 adapters=204
 compilation: enabled

Compilation events (10 events):
Event: 0.447 Thread 0x00000000237dd800 nmethod 326 0x0000000003497090 code [0x00000000034971e0, 0x0000000003497330]
Event: 0.453 Thread 0x00000000237dd800  327       3       sun.nio.cs.UTF_8$Decoder::decode (779 bytes)
Event: 0.455 Thread 0x00000000237d8800  330       4       java.lang.String::replace (127 bytes)
Event: 0.461 Thread 0x00000000237dd800 nmethod 327 0x0000000003498010 code [0x0000000003498640, 0x000000000349d058]
Event: 0.461 Thread 0x00000000237dd800  328       3       java.util.WeakHashMap::maskNull (12 bytes)
Event: 0.461 Thread 0x00000000237dd800 nmethod 328 0x00000000034a04d0 code [0x00000000034a0620, 0x00000000034a07b0]
Event: 0.461 Thread 0x00000000237dd800  329       3       java.util.WeakHashMap::hash (28 bytes)
Event: 0.462 Thread 0x00000000237dd800 nmethod 329 0x00000000034a0810 code [0x00000000034a0980, 0x00000000034a0bc8]
Event: 0.462 Thread 0x00000000237dd800  331       1       sun.misc.URLClassPath$JarLoader::access$700 (5 bytes)
Event: 0.462 Thread 0x00000000237dd800 nmethod 331 0x00000000034a0c90 code [0x00000000034a0de0, 0x00000000034a0ed0]

GC Heap History (0 events):
No events

Deoptimization events (0 events):
No events

Classes redefined (0 events):
No events

Internal exceptions (10 events):
Event: 0.198 Thread 0x00000000031e3000 Exception <a 'java/security/PrivilegedActionException'> (0x0000000740422218) thrown at [C:\Users\jenkins\workspace\openjdk8_build_x86-64_windows\openjdk\hotspot\src\share\vm\prims\jvm.cpp, line 1435]
Event: 0.315 Thread 0x00000000031e3000 Exception <a 'java/lang/NoSuchFieldError': method resolution failed> (0x00000007407784f8) thrown at [C:\Users\jenkins\workspace\openjdk8_build_x86-64_windows\openjdk\hotspot\src\share\vm\prims\methodHandles.cpp, line 1167]
Event: 0.335 Thread 0x00000000031e3000 Exception <a 'java/lang/NoSuchFieldError': method resolution failed> (0x00000007407858f8) thrown at [C:\Users\jenkins\workspace\openjdk8_build_x86-64_windows\openjdk\hotspot\src\share\vm\prims\methodHandles.cpp, line 1167]
Event: 0.384 Thread 0x00000000031e3000 Exception <a 'sun/nio/fs/WindowsException'> (0x000000074084ca78) thrown at [C:\Users\jenkins\workspace\openjdk8_build_x86-64_windows\openjdk\hotspot\src\share\vm\prims\jni.cpp, line 709]
Event: 0.430 Thread 0x00000000031e3000 Exception <a 'java/security/PrivilegedActionException'> (0x00000007408f3700) thrown at [C:\Users\jenkins\workspace\openjdk8_build_x86-64_windows\openjdk\hotspot\src\share\vm\prims\jvm.cpp, line 1435]
Event: 0.430 Thread 0x00000000031e3000 Exception <a 'java/security/PrivilegedActionException'> (0x00000007408f3af8) thrown at [C:\Users\jenkins\workspace\openjdk8_build_x86-64_windows\openjdk\hotspot\src\share\vm\prims\jvm.cpp, line 1435]
Event: 0.430 Thread 0x00000000031e3000 Exception <a 'java/security/PrivilegedActionException'> (0x00000007408f9940) thrown at [C:\Users\jenkins\workspace\openjdk8_build_x86-64_windows\openjdk\hotspot\src\share\vm\prims\jvm.cpp, line 1435]
Event: 0.430 Thread 0x00000000031e3000 Exception <a 'java/security/PrivilegedActionException'> (0x00000007408f9d38) thrown at [C:\Users\jenkins\workspace\openjdk8_build_x86-64_windows\openjdk\hotspot\src\share\vm\prims\jvm.cpp, line 1435]
Event: 0.431 Thread 0x00000000031e3000 Exception <a 'java/security/PrivilegedActionException'> (0x00000007408fbea0) thrown at [C:\Users\jenkins\workspace\openjdk8_build_x86-64_windows\openjdk\hotspot\src\share\vm\prims\jvm.cpp, line 1435]
Event: 0.431 Thread 0x00000000031e3000 Exception <a 'java/security/PrivilegedActionException'> (0x00000007408fc298) thrown at [C:\Users\jenkins\workspace\openjdk8_build_x86-64_windows\openjdk\hotspot\src\share\vm\prims\jvm.cpp, line 1435]

Events (10 events):
Event: 0.460 loading class javax/xml/bind/annotation/XmlNsForm
Event: 0.460 loading class javax/xml/bind/annotation/XmlNsForm done
Event: 0.460 loading class sun/reflect/annotation/ExceptionProxy
Event: 0.460 loading class sun/reflect/annotation/ExceptionProxy done
Event: 0.460 loading class java/lang/Class$4
Event: 0.460 loading class java/lang/Class$4 done
Event: 0.460 loading class sun/reflect/NativeMethodAccessorImpl
Event: 0.461 loading class sun/reflect/NativeMethodAccessorImpl done
Event: 0.461 loading class sun/reflect/DelegatingMethodAccessorImpl
Event: 0.461 loading class sun/reflect/DelegatingMethodAccessorImpl done


Dynamic libraries:
0x00007ff6d8130000 - 0x00007ff6d8165000 	C:\Program Files\Unity\Hub\Editor\2019.1.0b4\Editor\Data\PlaybackEngines\AndroidPlayer\Tools\OpenJDK\Windows\bin\java.exe
0x00007ffe11fb0000 - 0x00007ffe1219d000 	C:\Windows\SYSTEM32\ntdll.dll
0x00007ffe10f20000 - 0x00007ffe10fd3000 	C:\Windows\System32\KERNEL32.DLL
0x00007ffe0e470000 - 0x00007ffe0e703000 	C:\Windows\System32\KERNELBASE.dll
0x00007ffe10e00000 - 0x00007ffe10ea3000 	C:\Windows\System32\ADVAPI32.dll
0x00007ffe11060000 - 0x00007ffe110fe000 	C:\Windows\System32\msvcrt.dll
0x00007ffe11590000 - 0x00007ffe1162e000 	C:\Windows\System32\sechost.dll
0x00007ffe0f400000 - 0x00007ffe0f522000 	C:\Windows\System32\RPCRT4.dll
0x00007ffe10b00000 - 0x00007ffe10c97000 	C:\Windows\System32\USER32.dll
0x00007ffe0e080000 - 0x00007ffe0e0a0000 	C:\Windows\System32\win32u.dll
0x00007ffe11490000 - 0x00007ffe114b9000 	C:\Windows\System32\GDI32.dll
0x00007ffe0e180000 - 0x00007ffe0e31a000 	C:\Windows\System32\gdi32full.dll
0x00007ffe0ef60000 - 0x00007ffe0f000000 	C:\Windows\System32\msvcp_win.dll
0x00007ffe0e370000 - 0x00007ffe0e46c000 	C:\Windows\System32\ucrtbase.dll
0x00007ffe01d80000 - 0x00007ffe01ff9000 	C:\Windows\WinSxS\amd64_microsoft.windows.common-controls_6595b64144ccf1df_6.0.17763.316_none_05b53be2071f46b6\COMCTL32.dll
0x00007ffe11100000 - 0x00007ffe1142d000 	C:\Windows\System32\combase.dll
0x00007ffe0eee0000 - 0x00007ffe0ef5e000 	C:\Windows\System32\bcryptPrimitives.dll
0x00007ffe11f50000 - 0x00007ffe11f7e000 	C:\Windows\System32\IMM32.DLL
0x0000000068d60000 - 0x0000000068e32000 	C:\Program Files\Unity\Hub\Editor\2019.1.0b4\Editor\Data\PlaybackEngines\AndroidPlayer\Tools\OpenJDK\Windows\jre\bin\msvcr100.dll
0x0000000068460000 - 0x0000000068ca9000 	C:\Program Files\Unity\Hub\Editor\2019.1.0b4\Editor\Data\PlaybackEngines\AndroidPlayer\Tools\OpenJDK\Windows\jre\bin\server\jvm.dll
0x00007ffe0f3f0000 - 0x00007ffe0f3f8000 	C:\Windows\System32\PSAPI.DLL
0x00007ffe077b0000 - 0x00007ffe077b9000 	C:\Windows\SYSTEM32\WSOCK32.dll
0x00007ffe11830000 - 0x00007ffe1189d000 	C:\Windows\System32\WS2_32.dll
0x00007ffe0bac0000 - 0x00007ffe0bae4000 	C:\Windows\SYSTEM32\WINMM.dll
0x00007ffe062f0000 - 0x00007ffe062fa000 	C:\Windows\SYSTEM32\VERSION.dll
0x00007ffe0ba90000 - 0x00007ffe0babd000 	C:\Windows\SYSTEM32\winmmbase.dll
0x00007ffe0e320000 - 0x00007ffe0e36a000 	C:\Windows\System32\cfgmgr32.dll
0x00007ffe07220000 - 0x00007ffe0722f000 	C:\Program Files\Unity\Hub\Editor\2019.1.0b4\Editor\Data\PlaybackEngines\AndroidPlayer\Tools\OpenJDK\Windows\jre\bin\verify.dll
0x00007ffe04e40000 - 0x00007ffe04e69000 	C:\Program Files\Unity\Hub\Editor\2019.1.0b4\Editor\Data\PlaybackEngines\AndroidPlayer\Tools\OpenJDK\Windows\jre\bin\java.dll
0x00007ffe04e20000 - 0x00007ffe04e36000 	C:\Program Files\Unity\Hub\Editor\2019.1.0b4\Editor\Data\PlaybackEngines\AndroidPlayer\Tools\OpenJDK\Windows\jre\bin\zip.dll
0x00007ffe0f530000 - 0x00007ffe10a1f000 	C:\Windows\System32\SHELL32.dll
0x00007ffe11e90000 - 0x00007ffe11f38000 	C:\Windows\System32\shcore.dll
0x00007ffe0e710000 - 0x00007ffe0ee5a000 	C:\Windows\System32\windows.storage.dll
0x00007ffe0dff0000 - 0x00007ffe0e014000 	C:\Windows\System32\profapi.dll
0x00007ffe0e020000 - 0x00007ffe0e07d000 	C:\Windows\System32\powrprof.dll
0x00007ffe11430000 - 0x00007ffe11482000 	C:\Windows\System32\shlwapi.dll
0x00007ffe0dfb0000 - 0x00007ffe0dfc1000 	C:\Windows\System32\kernel.appcore.dll
0x00007ffe0eec0000 - 0x00007ffe0eed7000 	C:\Windows\System32\cryptsp.dll
0x00007ffe022b0000 - 0x00007ffe022ca000 	C:\Program Files\Unity\Hub\Editor\2019.1.0b4\Editor\Data\PlaybackEngines\AndroidPlayer\Tools\OpenJDK\Windows\jre\bin\net.dll
0x00007ffe0d460000 - 0x00007ffe0d4c7000 	C:\Windows\system32\mswsock.dll
0x00007ffe02290000 - 0x00007ffe022a1000 	C:\Program Files\Unity\Hub\Editor\2019.1.0b4\Editor\Data\PlaybackEngines\AndroidPlayer\Tools\OpenJDK\Windows\jre\bin\nio.dll

VM Arguments:
jvm_args: -Dcom.android.sdklib.toolsdir=C:\Users\Chrono\AppData\Local\Android\Sdk\tools\bin\\.. 
java_command: com.android.sdklib.tool.sdkmanager.SdkManagerCli --list
java_class_path (initial): C:\Users\Chrono\AppData\Local\Android\Sdk\tools\bin\..\lib\dvlib-26.0.0-dev.jar;C:\Users\Chrono\AppData\Local\Android\Sdk\tools\bin\..\lib\jimfs-1.1.jar;C:\Users\Chrono\AppData\Local\Android\Sdk\tools\bin\..\lib\jsr305-1.3.9.jar;C:\Users\Chrono\AppData\Local\Android\Sdk\tools\bin\..\lib\repository-26.0.0-dev.jar;C:\Users\Chrono\AppData\Local\Android\Sdk\tools\bin\..\lib\j2objc-annotations-1.1.jar;C:\Users\Chrono\AppData\Local\Android\Sdk\tools\bin\..\lib\layoutlib-api-26.0.0-dev.jar;C:\Users\Chrono\AppData\Local\Android\Sdk\tools\bin\..\lib\gson-2.3.jar;C:\Users\Chrono\AppData\Local\Android\Sdk\tools\bin\..\lib\httpcore-4.2.5.jar;C:\Users\Chrono\AppData\Local\Android\Sdk\tools\bin\..\lib\commons-logging-1.1.1.jar;C:\Users\Chrono\AppData\Local\Android\Sdk\tools\bin\..\lib\commons-compress-1.12.jar;C:\Users\Chrono\AppData\Local\Android\Sdk\tools\bin\..\lib\annotations-26.0.0-dev.jar;C:\Users\Chrono\AppData\Local\Android\Sdk\tools\bin\..\lib\error_prone_annotations-2.0.18.jar;C:\Users\Chrono\AppData\Local\Android\Sdk\tools\bin\..\lib\animal-sniffer-annotations-1.14.jar;C:\Users\Chrono\AppData\Local\Android\Sdk\tools\bin\..\lib\httpclient-4.2.6.jar;C:\Users\Chrono\AppData\Local\Android\Sdk\tools\bin\..\lib\commons-codec-1.6.jar;C:\Users\Chrono\AppData\Local\Android\Sdk\tools\bin\..\lib\common-26.0.0-dev.jar;C:\Users\Chrono\AppData\Local\Android\Sdk\tools\bin\..\lib\kxml2-2.3.0.jar;C:\Users\Chrono\AppData\Local\Android\Sdk\tools\bin\..\lib\httpmime-4.1.jar;C:\Users\Chrono\AppData\Local\Android\Sdk\tools\bin\..\lib\annotations-12.0.jar;C:\Users\Chrono\AppData\Local\Android\Sdk\tools\bin\..\lib\sdklib-26.0.0-dev.jar;C:\Users\Chrono\AppData\Local\Android\Sdk\tools\bin\..\lib\guava-22.0.jar
Launcher Type: SUN_STANDARD

Environment Variables:
JAVA_HOME=C:\Program Files\Unity\Hub\Editor\2019.1.0b4\Editor\Data\PlaybackEngines\AndroidPlayer/Tools\OpenJDK\Windows
CLASSPATH=C:\Users\Chrono\AppData\Local\Android\Sdk\tools\bin\..\lib\dvlib-26.0.0-dev.jar;C:\Users\Chrono\AppData\Local\Android\Sdk\tools\bin\..\lib\jimfs-1.1.jar;C:\Users\Chrono\AppData\Local\Android\Sdk\tools\bin\..\lib\jsr305-1.3.9.jar;C:\Users\Chrono\AppData\Local\Android\Sdk\tools\bin\..\lib\repository-26.0.0-dev.jar;C:\Users\Chrono\AppData\Local\Android\Sdk\tools\bin\..\lib\j2objc-annotations-1.1.jar;C:\Users\Chrono\AppData\Local\Android\Sdk\tools\bin\..\lib\layoutlib-api-26.0.0-dev.jar;C:\Users\Chrono\AppData\Local\Android\Sdk\tools\bin\..\lib\gson-2.3.jar;C:\Users\Chrono\AppData\Local\Android\Sdk\tools\bin\..\lib\httpcore-4.2.5.jar;C:\Users\Chrono\AppData\Local\Android\Sdk\tools\bin\..\lib\commons-logging-1.1.1.jar;C:\Users\Chrono\AppData\Local\Android\Sdk\tools\bin\..\lib\commons-compress-1.12.jar;C:\Users\Chrono\AppData\Local\Android\Sdk\tools\bin\..\lib\annotations-26.0.0-dev.jar;C:\Users\Chrono\AppData\Local\Android\Sdk\tools\bin\..\lib\error_prone_annotations-2.0.18.jar;C:\Users\Chrono\AppData\Local\Android\Sdk\tools\bin\..\lib\animal-sniffer-annotations-1.14.jar;C:\Users\Chrono\AppData\Local\Android\Sdk\tools\bin\..\lib\httpclient-4.2.6.jar;C:\Users\Chrono\AppData\Local\Android\Sdk\tools\bin\..\lib\commons-codec-1.6.jar;C:\Users\Chrono\AppData\Local\Android\Sdk\tools\bin\..\lib\common-26.0.0-dev.jar;C:\Users\Chrono\AppData\Local\Android\Sdk\tools\bin\..\lib\kxml2-2.3.0.jar;C:\Users\Chrono\AppData\Local\Android\Sdk\tools\bin\..\lib\httpmime-4.1.jar;C:\Users\Chrono\AppData\Local\Android\Sdk\tools\bin\..\lib\annotations-12.0.jar;C:\Users\Chrono\AppData\Local\Android\Sdk\tools\bin\..\lib\sdklib-26.0.0-dev.jar;C:\Users\Chrono\AppData\Local\Android\Sdk\tools\bin\..\lib\guava-22.0.jar
PATH=C:\Program Files (x86)\Common Files\Oracle\Java\javapath;C:\Windows\system32;C:\Windows;C:\Windows\System32\Wbem;C:\Windows\System32\WindowsPowerShell\v1.0\;C:\Windows\System32\OpenSSH\;C:\Program Files (x86)\GtkSharp\2.12\bin;C:\Program Files\Microsoft SQL Server\110\Tools\Binn\;C:\Program Files\Common Files\Autodesk Shared\;C:\Program Files (x86)\Autodesk\Backburner\;C:\3dsmax5\backburner2\;C:\Program Files (x86)\Common Files\Autodesk Shared\;C:\Users\Chrono\AppData\Local\Microsoft\WindowsApps;C:\Users\Chrono\AppData\Local\GitHubDesktop\bin;C:\Users\Chrono\AppData\Local\Programs\Microsoft VS Code\bin
USERNAME=Chrono
OS=Windows_NT
PROCESSOR_IDENTIFIER=Intel64 Family 6 Model 42 Stepping 7, GenuineIntel



---------------  S Y S T E M  ---------------

OS: Windows 10.0 , 64 bit Build 17763 (10.0.17763.292)

CPU:total 8 (initial active 8) (4 cores per cpu, 2 threads per core) family 6 model 42 stepping 7, cmov, cx8, fxsr, mmx, sse, sse2, sse3, ssse3, sse4.1, sse4.2, popcnt, avx, aes, clmul, ht, tsc, tscinvbit

Memory: 4k page, physical 25129860k(10807088k free), swap 25949060k(5128k free)

vm_info: OpenJDK 64-Bit Server VM (25.71-b00) for windows-amd64 JRE (1.8.0-adoptopenjdk-_2018_05_19_00_59-b00), built on May 19 2018 01:02:12 by "jenkins" with MS VC++ 10.0 (VS2010)

time: Sun Mar 10 21:54:24 2019
elapsed time: 0 seconds (0d 0h 0m 0s)

